<?xml version="1.0" encoding="UTF-8"?>
<!-- Generated by org.testng.reporters.JUnitReportReporter -->
<testsuite hostname="Kalyani" name="basicSelenium.LaunchBrowser" tests="1" failures="0" timestamp="16 Jun 2019 15:14:14 GMT" time="7.101" errors="1">
  <testcase name="login" time="7.101" classname="basicSelenium.LaunchBrowser">
    <error type="org.openqa.selenium.SessionNotCreatedException" message="session not created
from disconnected: received Inspector.detached event
  (Session info: chrome=75.0.3770.80)
Build info: version: &#039;3.141.59&#039;, revision: &#039;e82be7d358&#039;, time: &#039;2018-11-14T08:25:53&#039;
System info: host: &#039;KALYANI&#039;, ip: &#039;192.168.0.105&#039;, os.name: &#039;Windows 7&#039;, os.arch: &#039;amd64&#039;, os.version: &#039;6.1&#039;, java.version: &#039;1.8.0_181&#039;
Driver info: driver.version: ChromeDriver
remote stacktrace: Backtrace:
	Ordinal0 [0x011B1B23+1448739]
	Ordinal0 [0x01135A11+940561]
	Ordinal0 [0x010C2293+467603]
	Ordinal0 [0x010BAB29+437033]
	Ordinal0 [0x010BA718+435992]
	Ordinal0 [0x010BA491+435345]
	Ordinal0 [0x010B9ADC+432860]
	Ordinal0 [0x010B9674+431732]
	Ordinal0 [0x010B9635+431669]
	Ordinal0 [0x010C0AF5+461557]
	Ordinal0 [0x010B95EC+431596]
	Ordinal0 [0x010BA145+434501]
	Ordinal0 [0x010B9ADC+432860]
	Ordinal0 [0x010B9674+431732]
	Ordinal0 [0x010B9635+431669]
	Ordinal0 [0x010BF44E+455758]
	Ordinal0 [0x010B95EC+431596]
	Ordinal0 [0x010BA145+434501]
	Ordinal0 [0x010B9ADC+432860]
	Ordinal0 [0x010B9674+431732]
	Ordinal0 [0x010B9635+431669]
	Ordinal0 [0x010BDC4B+449611]
	Ordinal0 [0x010B95EC+431596]
	Ordinal0 [0x010BA145+434501]
	Ordinal0 [0x010B9ADC+432860]
	Ordinal0 [0x010B9674+431732]
	Ordinal0 [0x010B9635+431669]
	Ordinal0 [0x010BD437+447543]
	Ordinal0 [0x010B95EC+431596]
	Ordinal0 [0x010BA145+434501]
	Ordinal0 [0x010B9ADC+432860]
	Ordinal0 [0x010B9674+431732]
	Ordinal0 [0x010B9635+431669]
	Ordinal0 [0x010B62CC+418508]
	Ordinal0 [0x010B95EC+431596]
	Ordinal0 [0x010B94D4+431316]
	Ordinal0 [0x010C2EF0+470768]
	Ordinal0 [0x010794CE+169166]
	Ordinal0 [0x010788ED+166125]
	Ordinal0 [0x01076FFB+159739]
	Ordinal0 [0x010609F6+68086]
	Ordinal0 [0x01061990+72080]
	Ordinal0 [0x01061929+71977]
	GetHandleVerifier [0x012F2E4C+1172140]
	GetHandleVerifier [0x0124FE35+504469]
	GetHandleVerifier [0x0124FBD0+503856]
	Ordinal0 [0x011BC9A8+1493416]
	GetHandleVerifier [0x0125060A+506474]
	Ordinal0 [0x01147136+1012022]
	Ordinal0 [0x01146FAF+1011631]
	Ordinal0 [0x0115133B+1053499]
	Ordinal0 [0x011514A3+1053859]
	Ordinal0 [0x011504D5+1049813]
	BaseThreadInitThunk [0x74F333CA+18]
	RtlInitializeExceptionChain [0x77299ED2+99]
	RtlInitializeExceptionChain [0x77299EA5+54]
">
      <![CDATA[org.openqa.selenium.SessionNotCreatedException: session not created
from disconnected: received Inspector.detached event
  (Session info: chrome=75.0.3770.80)
Build info: version: '3.141.59', revision: 'e82be7d358', time: '2018-11-14T08:25:53'
System info: host: 'KALYANI', ip: '192.168.0.105', os.name: 'Windows 7', os.arch: 'amd64', os.version: '6.1', java.version: '1.8.0_181'
Driver info: driver.version: ChromeDriver
remote stacktrace: Backtrace:
	Ordinal0 [0x011B1B23+1448739]
	Ordinal0 [0x01135A11+940561]
	Ordinal0 [0x010C2293+467603]
	Ordinal0 [0x010BAB29+437033]
	Ordinal0 [0x010BA718+435992]
	Ordinal0 [0x010BA491+435345]
	Ordinal0 [0x010B9ADC+432860]
	Ordinal0 [0x010B9674+431732]
	Ordinal0 [0x010B9635+431669]
	Ordinal0 [0x010C0AF5+461557]
	Ordinal0 [0x010B95EC+431596]
	Ordinal0 [0x010BA145+434501]
	Ordinal0 [0x010B9ADC+432860]
	Ordinal0 [0x010B9674+431732]
	Ordinal0 [0x010B9635+431669]
	Ordinal0 [0x010BF44E+455758]
	Ordinal0 [0x010B95EC+431596]
	Ordinal0 [0x010BA145+434501]
	Ordinal0 [0x010B9ADC+432860]
	Ordinal0 [0x010B9674+431732]
	Ordinal0 [0x010B9635+431669]
	Ordinal0 [0x010BDC4B+449611]
	Ordinal0 [0x010B95EC+431596]
	Ordinal0 [0x010BA145+434501]
	Ordinal0 [0x010B9ADC+432860]
	Ordinal0 [0x010B9674+431732]
	Ordinal0 [0x010B9635+431669]
	Ordinal0 [0x010BD437+447543]
	Ordinal0 [0x010B95EC+431596]
	Ordinal0 [0x010BA145+434501]
	Ordinal0 [0x010B9ADC+432860]
	Ordinal0 [0x010B9674+431732]
	Ordinal0 [0x010B9635+431669]
	Ordinal0 [0x010B62CC+418508]
	Ordinal0 [0x010B95EC+431596]
	Ordinal0 [0x010B94D4+431316]
	Ordinal0 [0x010C2EF0+470768]
	Ordinal0 [0x010794CE+169166]
	Ordinal0 [0x010788ED+166125]
	Ordinal0 [0x01076FFB+159739]
	Ordinal0 [0x010609F6+68086]
	Ordinal0 [0x01061990+72080]
	Ordinal0 [0x01061929+71977]
	GetHandleVerifier [0x012F2E4C+1172140]
	GetHandleVerifier [0x0124FE35+504469]
	GetHandleVerifier [0x0124FBD0+503856]
	Ordinal0 [0x011BC9A8+1493416]
	GetHandleVerifier [0x0125060A+506474]
	Ordinal0 [0x01147136+1012022]
	Ordinal0 [0x01146FAF+1011631]
	Ordinal0 [0x0115133B+1053499]
	Ordinal0 [0x011514A3+1053859]
	Ordinal0 [0x011504D5+1049813]
	BaseThreadInitThunk [0x74F333CA+18]
	RtlInitializeExceptionChain [0x77299ED2+99]
	RtlInitializeExceptionChain [0x77299EA5+54]

	at sun.reflect.NativeConstructorAccessorImpl.newInstance0(Native Method)
	at sun.reflect.NativeConstructorAccessorImpl.newInstance(Unknown Source)
	at sun.reflect.DelegatingConstructorAccessorImpl.newInstance(Unknown Source)
	at java.lang.reflect.Constructor.newInstance(Unknown Source)
	at org.openqa.selenium.remote.W3CHandshakeResponse.lambda$errorHandler$0(W3CHandshakeResponse.java:62)
	at org.openqa.selenium.remote.HandshakeResponse.lambda$getResponseFunction$0(HandshakeResponse.java:30)
	at org.openqa.selenium.remote.ProtocolHandshake.lambda$createSession$0(ProtocolHandshake.java:126)
	at java.util.stream.ReferencePipeline$3$1.accept(Unknown Source)
	at java.util.Spliterators$ArraySpliterator.tryAdvance(Unknown Source)
	at java.util.stream.ReferencePipeline.forEachWithCancel(Unknown Source)
	at java.util.stream.AbstractPipeline.copyIntoWithCancel(Unknown Source)
	at java.util.stream.AbstractPipeline.copyInto(Unknown Source)
	at java.util.stream.AbstractPipeline.wrapAndCopyInto(Unknown Source)
	at java.util.stream.FindOps$FindOp.evaluateSequential(Unknown Source)
	at java.util.stream.AbstractPipeline.evaluate(Unknown Source)
	at java.util.stream.ReferencePipeline.findFirst(Unknown Source)
	at org.openqa.selenium.remote.ProtocolHandshake.createSession(ProtocolHandshake.java:128)
	at org.openqa.selenium.remote.ProtocolHandshake.createSession(ProtocolHandshake.java:74)
	at org.openqa.selenium.remote.HttpCommandExecutor.execute(HttpCommandExecutor.java:136)
	at org.openqa.selenium.remote.service.DriverCommandExecutor.execute(DriverCommandExecutor.java:83)
	at org.openqa.selenium.remote.RemoteWebDriver.execute(RemoteWebDriver.java:552)
	at org.openqa.selenium.remote.RemoteWebDriver.startSession(RemoteWebDriver.java:213)
	at org.openqa.selenium.remote.RemoteWebDriver.<init>(RemoteWebDriver.java:131)
	at org.openqa.selenium.chrome.ChromeDriver.<init>(ChromeDriver.java:181)
	at org.openqa.selenium.chrome.ChromeDriver.<init>(ChromeDriver.java:168)
	at org.openqa.selenium.chrome.ChromeDriver.<init>(ChromeDriver.java:123)
	at basicSelenium.LaunchBrowser.login(LaunchBrowser.java:15)
	at sun.reflect.NativeMethodAccessorImpl.invoke0(Native Method)
	at sun.reflect.NativeMethodAccessorImpl.invoke(Unknown Source)
	at sun.reflect.DelegatingMethodAccessorImpl.invoke(Unknown Source)
	at java.lang.reflect.Method.invoke(Unknown Source)
	at org.testng.internal.MethodInvocationHelper.invokeMethod(MethodInvocationHelper.java:86)
	at org.testng.internal.Invoker.invokeMethod(Invoker.java:645)
	at org.testng.internal.Invoker.invokeTestMethod(Invoker.java:822)
	at org.testng.internal.Invoker.invokeTestMethods(Invoker.java:1130)
	at org.testng.internal.TestMethodWorker.invokeTestMethods(TestMethodWorker.java:129)
	at org.testng.internal.TestMethodWorker.run(TestMethodWorker.java:112)
	at org.testng.TestRunner.privateRun(TestRunner.java:782)
	at org.testng.TestRunner.run(TestRunner.java:632)
	at org.testng.SuiteRunner.runTest(SuiteRunner.java:366)
	at org.testng.SuiteRunner.runSequentially(SuiteRunner.java:361)
	at org.testng.SuiteRunner.privateRun(SuiteRunner.java:319)
	at org.testng.SuiteRunner.run(SuiteRunner.java:268)
	at org.testng.SuiteRunnerWorker.runSuite(SuiteRunnerWorker.java:52)
	at org.testng.SuiteRunnerWorker.run(SuiteRunnerWorker.java:86)
	at org.testng.TestNG.runSuitesSequentially(TestNG.java:1244)
	at org.testng.TestNG.runSuitesLocally(TestNG.java:1169)
	at org.testng.TestNG.run(TestNG.java:1064)
	at org.testng.remote.RemoteTestNG.run(RemoteTestNG.java:113)
	at org.testng.remote.RemoteTestNG.initAndRun(RemoteTestNG.java:206)
	at org.testng.remote.RemoteTestNG.main(RemoteTestNG.java:177)
]]>
    </error>
  </testcase> <!-- login -->
</testsuite> <!-- basicSelenium.LaunchBrowser -->
